{"/Users/davidesilverii/Docker_Compose/backend/database.js": {"path":"/Users/davidesilverii/Docker_Compose/backend/database.js","statementMap":{"0":{"start":{"line":1,"column":16},"end":{"line":1,"column":44}},"1":{"start":{"line":2,"column":13},"end":{"line":2,"column":28}},"2":{"start":{"line":4,"column":15},"end":{"line":4,"column":49}},"3":{"start":{"line":5,"column":11},"end":{"line":5,"column":39}},"4":{"start":{"line":7,"column":0},"end":{"line":49,"column":3}},"5":{"start":{"line":8,"column":2},"end":{"line":17,"column":5}},"6":{"start":{"line":19,"column":2},"end":{"line":48,"column":5}},"7":{"start":{"line":20,"column":4},"end":{"line":23,"column":5}},"8":{"start":{"line":21,"column":6},"end":{"line":21,"column":58}},"9":{"start":{"line":22,"column":6},"end":{"line":22,"column":13}},"10":{"start":{"line":25,"column":4},"end":{"line":47,"column":5}},"11":{"start":{"line":26,"column":6},"end":{"line":26,"column":46}},"12":{"start":{"line":27,"column":28},"end":{"line":40,"column":7}},"13":{"start":{"line":42,"column":19},"end":{"line":42,"column":116}},"14":{"start":{"line":43,"column":6},"end":{"line":45,"column":9}},"15":{"start":{"line":44,"column":8},"end":{"line":44,"column":88}},"16":{"start":{"line":46,"column":6},"end":{"line":46,"column":22}},"17":{"start":{"line":51,"column":0},"end":{"line":51,"column":20}}},"fnMap":{"0":{"name":"(anonymous_0)","decl":{"start":{"line":7,"column":13},"end":{"line":7,"column":14}},"loc":{"start":{"line":7,"column":19},"end":{"line":49,"column":1}},"line":7},"1":{"name":"(anonymous_1)","decl":{"start":{"line":19,"column":50},"end":{"line":19,"column":51}},"loc":{"start":{"line":19,"column":64},"end":{"line":48,"column":3}},"line":19},"2":{"name":"(anonymous_2)","decl":{"start":{"line":43,"column":28},"end":{"line":43,"column":29}},"loc":{"start":{"line":43,"column":38},"end":{"line":45,"column":7}},"line":43}},"branchMap":{"0":{"loc":{"start":{"line":20,"column":4},"end":{"line":23,"column":5}},"type":"if","locations":[{"start":{"line":20,"column":4},"end":{"line":23,"column":5}},{"start":{},"end":{}}],"line":20},"1":{"loc":{"start":{"line":25,"column":4},"end":{"line":47,"column":5}},"type":"if","locations":[{"start":{"line":25,"column":4},"end":{"line":47,"column":5}},{"start":{},"end":{}}],"line":25}},"s":{"0":1,"1":1,"2":1,"3":1,"4":1,"5":1,"6":1,"7":1,"8":0,"9":0,"10":1,"11":1,"12":1,"13":1,"14":1,"15":2,"16":1,"17":1},"f":{"0":1,"1":1,"2":2},"b":{"0":[0,1],"1":[1,0]},"_coverageSchema":"1a1c01bbd47fc00a2c39e90264f33305004495a9","hash":"ef5b592f898806877820dec99eb8d7345e45c942"}
,"/Users/davidesilverii/Docker_Compose/backend/server.js": {"path":"/Users/davidesilverii/Docker_Compose/backend/server.js","statementMap":{"0":{"start":{"line":1,"column":16},"end":{"line":1,"column":34}},"1":{"start":{"line":2,"column":13},"end":{"line":2,"column":28}},"2":{"start":{"line":3,"column":11},"end":{"line":3,"column":32}},"3":{"start":{"line":5,"column":12},"end":{"line":5,"column":21}},"4":{"start":{"line":6,"column":13},"end":{"line":6,"column":37}},"5":{"start":{"line":8,"column":0},"end":{"line":8,"column":16}},"6":{"start":{"line":9,"column":0},"end":{"line":9,"column":24}},"7":{"start":{"line":12,"column":14},"end":{"line":29,"column":1}},"8":{"start":{"line":31,"column":13},"end":{"line":31,"column":14}},"9":{"start":{"line":34,"column":23},"end":{"line":43,"column":1}},"10":{"start":{"line":35,"column":2},"end":{"line":42,"column":39}},"11":{"start":{"line":46,"column":0},"end":{"line":48,"column":3}},"12":{"start":{"line":47,"column":2},"end":{"line":47,"column":20}},"13":{"start":{"line":51,"column":0},"end":{"line":57,"column":3}},"14":{"start":{"line":52,"column":17},"end":{"line":52,"column":68}},"15":{"start":{"line":52,"column":35},"end":{"line":52,"column":67}},"16":{"start":{"line":53,"column":2},"end":{"line":55,"column":3}},"17":{"start":{"line":54,"column":4},"end":{"line":54,"column":63}},"18":{"start":{"line":56,"column":2},"end":{"line":56,"column":19}},"19":{"start":{"line":60,"column":0},"end":{"line":78,"column":3}},"20":{"start":{"line":61,"column":56},"end":{"line":61,"column":64}},"21":{"start":{"line":63,"column":2},"end":{"line":65,"column":3}},"22":{"start":{"line":64,"column":4},"end":{"line":64,"column":70}},"23":{"start":{"line":67,"column":20},"end":{"line":74,"column":3}},"24":{"start":{"line":76,"column":2},"end":{"line":76,"column":26}},"25":{"start":{"line":77,"column":2},"end":{"line":77,"column":34}},"26":{"start":{"line":81,"column":0},"end":{"line":89,"column":3}},"27":{"start":{"line":82,"column":22},"end":{"line":82,"column":78}},"28":{"start":{"line":82,"column":45},"end":{"line":82,"column":77}},"29":{"start":{"line":83,"column":2},"end":{"line":85,"column":3}},"30":{"start":{"line":84,"column":4},"end":{"line":84,"column":63}},"31":{"start":{"line":87,"column":2},"end":{"line":87,"column":33}},"32":{"start":{"line":88,"column":2},"end":{"line":88,"column":25}},"33":{"start":{"line":92,"column":0},"end":{"line":98,"column":3}},"34":{"start":{"line":93,"column":2},"end":{"line":97,"column":5}},"35":{"start":{"line":101,"column":0},"end":{"line":106,"column":1}},"36":{"start":{"line":102,"column":2},"end":{"line":105,"column":5}},"37":{"start":{"line":103,"column":4},"end":{"line":103,"column":61}},"38":{"start":{"line":104,"column":4},"end":{"line":104,"column":69}},"39":{"start":{"line":108,"column":0},"end":{"line":108,"column":21}}},"fnMap":{"0":{"name":"(anonymous_0)","decl":{"start":{"line":34,"column":23},"end":{"line":34,"column":24}},"loc":{"start":{"line":34,"column":35},"end":{"line":43,"column":1}},"line":34},"1":{"name":"(anonymous_1)","decl":{"start":{"line":46,"column":24},"end":{"line":46,"column":25}},"loc":{"start":{"line":46,"column":38},"end":{"line":48,"column":1}},"line":46},"2":{"name":"(anonymous_2)","decl":{"start":{"line":51,"column":28},"end":{"line":51,"column":29}},"loc":{"start":{"line":51,"column":42},"end":{"line":57,"column":1}},"line":51},"3":{"name":"(anonymous_3)","decl":{"start":{"line":52,"column":30},"end":{"line":52,"column":31}},"loc":{"start":{"line":52,"column":35},"end":{"line":52,"column":67}},"line":52},"4":{"name":"(anonymous_4)","decl":{"start":{"line":60,"column":25},"end":{"line":60,"column":26}},"loc":{"start":{"line":60,"column":39},"end":{"line":78,"column":1}},"line":60},"5":{"name":"(anonymous_5)","decl":{"start":{"line":81,"column":31},"end":{"line":81,"column":32}},"loc":{"start":{"line":81,"column":45},"end":{"line":89,"column":1}},"line":81},"6":{"name":"(anonymous_6)","decl":{"start":{"line":82,"column":40},"end":{"line":82,"column":41}},"loc":{"start":{"line":82,"column":45},"end":{"line":82,"column":77}},"line":82},"7":{"name":"(anonymous_7)","decl":{"start":{"line":92,"column":23},"end":{"line":92,"column":24}},"loc":{"start":{"line":92,"column":37},"end":{"line":98,"column":1}},"line":92},"8":{"name":"(anonymous_8)","decl":{"start":{"line":102,"column":30},"end":{"line":102,"column":31}},"loc":{"start":{"line":102,"column":36},"end":{"line":105,"column":3}},"line":102}},"branchMap":{"0":{"loc":{"start":{"line":6,"column":13},"end":{"line":6,"column":37}},"type":"binary-expr","locations":[{"start":{"line":6,"column":13},"end":{"line":6,"column":29}},{"start":{"line":6,"column":33},"end":{"line":6,"column":37}}],"line":6},"1":{"loc":{"start":{"line":35,"column":9},"end":{"line":42,"column":38}},"type":"binary-expr","locations":[{"start":{"line":35,"column":9},"end":{"line":35,"column":20}},{"start":{"line":36,"column":9},"end":{"line":36,"column":34}},{"start":{"line":37,"column":9},"end":{"line":37,"column":27}},{"start":{"line":38,"column":9},"end":{"line":38,"column":41}},{"start":{"line":39,"column":9},"end":{"line":39,"column":28}},{"start":{"line":40,"column":9},"end":{"line":40,"column":42}},{"start":{"line":41,"column":9},"end":{"line":41,"column":24}},{"start":{"line":42,"column":9},"end":{"line":42,"column":38}}],"line":35},"2":{"loc":{"start":{"line":53,"column":2},"end":{"line":55,"column":3}},"type":"if","locations":[{"start":{"line":53,"column":2},"end":{"line":55,"column":3}},{"start":{},"end":{}}],"line":53},"3":{"loc":{"start":{"line":63,"column":2},"end":{"line":65,"column":3}},"type":"if","locations":[{"start":{"line":63,"column":2},"end":{"line":65,"column":3}},{"start":{},"end":{}}],"line":63},"4":{"loc":{"start":{"line":83,"column":2},"end":{"line":85,"column":3}},"type":"if","locations":[{"start":{"line":83,"column":2},"end":{"line":85,"column":3}},{"start":{},"end":{}}],"line":83},"5":{"loc":{"start":{"line":101,"column":0},"end":{"line":106,"column":1}},"type":"if","locations":[{"start":{"line":101,"column":0},"end":{"line":106,"column":1}},{"start":{},"end":{}}],"line":101}},"s":{"0":1,"1":1,"2":1,"3":1,"4":1,"5":1,"6":1,"7":1,"8":1,"9":1,"10":3,"11":1,"12":2,"13":1,"14":3,"15":7,"16":3,"17":2,"18":1,"19":1,"20":3,"21":3,"22":1,"23":2,"24":2,"25":2,"26":1,"27":2,"28":7,"29":2,"30":1,"31":1,"32":1,"33":1,"34":1,"35":1,"36":0,"37":0,"38":0,"39":1},"f":{"0":3,"1":2,"2":3,"3":7,"4":3,"5":2,"6":7,"7":1,"8":0},"b":{"0":[1,1],"1":[3,2,2,2,2,2,2,2],"2":[2,1],"3":[1,2],"4":[1,1],"5":[0,1]},"_coverageSchema":"1a1c01bbd47fc00a2c39e90264f33305004495a9","hash":"1cb9718904b8194d9b08a36ba4732da63495eb98"}
}
