TN:
SF:database.js
FN:7,(anonymous_0)
FN:19,(anonymous_1)
FN:43,(anonymous_2)
FNF:3
FNH:3
FNDA:1,(anonymous_0)
FNDA:1,(anonymous_1)
FNDA:2,(anonymous_2)
DA:1,1
DA:2,1
DA:4,1
DA:5,1
DA:7,1
DA:8,1
DA:19,1
DA:20,1
DA:21,0
DA:22,0
DA:25,1
DA:26,1
DA:27,1
DA:42,1
DA:43,1
DA:44,2
DA:46,1
DA:51,1
LF:18
LH:16
BRDA:20,0,0,0
BRDA:20,0,1,1
BRDA:25,1,0,1
BRDA:25,1,1,0
BRF:4
BRH:2
end_of_record
TN:
SF:server.js
FN:34,(anonymous_0)
FN:46,(anonymous_1)
FN:51,(anonymous_2)
FN:52,(anonymous_3)
FN:60,(anonymous_4)
FN:81,(anonymous_5)
FN:82,(anonymous_6)
FN:92,(anonymous_7)
FN:102,(anonymous_8)
FNF:9
FNH:8
FNDA:3,(anonymous_0)
FNDA:2,(anonymous_1)
FNDA:3,(anonymous_2)
FNDA:7,(anonymous_3)
FNDA:3,(anonymous_4)
FNDA:2,(anonymous_5)
FNDA:7,(anonymous_6)
FNDA:1,(anonymous_7)
FNDA:0,(anonymous_8)
DA:1,1
DA:2,1
DA:3,1
DA:5,1
DA:6,1
DA:8,1
DA:9,1
DA:12,1
DA:31,1
DA:34,1
DA:35,3
DA:46,1
DA:47,2
DA:51,1
DA:52,7
DA:53,3
DA:54,2
DA:56,1
DA:60,1
DA:61,3
DA:63,3
DA:64,1
DA:67,2
DA:76,2
DA:77,2
DA:81,1
DA:82,7
DA:83,2
DA:84,1
DA:87,1
DA:88,1
DA:92,1
DA:93,1
DA:101,1
DA:102,0
DA:103,0
DA:104,0
DA:108,1
LF:38
LH:35
BRDA:6,0,0,1
BRDA:6,0,1,1
BRDA:35,1,0,3
BRDA:35,1,1,2
BRDA:35,1,2,2
BRDA:35,1,3,2
BRDA:35,1,4,2
BRDA:35,1,5,2
BRDA:35,1,6,2
BRDA:35,1,7,2
BRDA:53,2,0,2
BRDA:53,2,1,1
BRDA:63,3,0,1
BRDA:63,3,1,2
BRDA:83,4,0,1
BRDA:83,4,1,1
BRDA:101,5,0,0
BRDA:101,5,1,1
BRF:18
BRH:17
end_of_record
